<?xml version="1.0" encoding="UTF-8"?>
<!-- Generated by org.testng.reporters.JUnitXMLReporter -->
<testsuite ignored="0" hostname="Punarvis-Laptop.local" failures="0" tests="8" name="Default test" time="7.789" errors="0" timestamp="2024-04-07T12:54:56 SGT">
  <testcase classname="Endtoend" name="toDoPage" time="0.02"/>
  <testcase classname="Endtoend" name="enterTasks" time="0.17"/>
  <testcase classname="Endtoend" name="totalTasks" time="0.007"/>
  <testcase classname="Endtoend" name="selectUnselecttAllTasks" time="0.05"/>
  <testcase classname="Endtoend" name="completedTasks" time="0.094"/>
  <testcase classname="Endtoend" name="activeTasks" time="0.053"/>
  <testcase classname="Endtoend" name="itemsLeft" time="0.009"/>
  <testcase classname="Endtoend" name="clearCompleted" time="5.599"/>
</testsuite> <!-- Default test -->
