<?xml version="1.0" encoding="UTF-8"?>
<!-- Generated by org.testng.reporters.JUnitXMLReporter -->
<testsuite ignored="0" hostname="Punarvis-Laptop.local" failures="0" tests="8" name="Test" time="12.62" errors="0" timestamp="2024-04-07T17:12:54 SGT">
  <testcase classname="Endtoend" name="toDoPage" time="0.017"/>
  <testcase classname="Endtoend" name="enterTasks" time="0.176"/>
  <testcase classname="Endtoend" name="totalTasks" time="0.007"/>
  <testcase classname="Endtoend" name="selectUnselecttAllTasks" time="0.049"/>
  <testcase classname="Endtoend" name="completedTasks" time="0.067"/>
  <testcase classname="Endtoend" name="activeTasks" time="0.065"/>
  <testcase classname="Endtoend" name="itemsLeft" time="0.009"/>
  <testcase classname="Endtoend" name="clearCompleted" time="4.929"/>
</testsuite> <!-- Test -->
